[debug] [2020-09-30T21:45:20.536Z] ----------------------------------------------------------------------
[debug] [2020-09-30T21:45:20.536Z] Command:       C:\Program Files\nodejs\node.exe C:\Users\Simona\AppData\Roaming\npm\node_modules\firebase-tools\lib\bin\firebase.js init
[debug] [2020-09-30T21:45:20.544Z] CLI Version:   8.11.2
[debug] [2020-09-30T21:45:20.544Z] Platform:      win32
[debug] [2020-09-30T21:45:20.544Z] Node Version:  v12.18.4
[debug] [2020-09-30T21:45:20.544Z] Time:          Wed Sep 30 2020 23:45:20 GMT+0200 (GMT+02:00)
[debug] [2020-09-30T21:45:20.544Z] ----------------------------------------------------------------------
[debug] [2020-09-30T21:45:20.544Z] 
[debug] [2020-09-30T21:45:20.552Z] > command requires scopes: ["email","openid","https://www.googleapis.com/auth/cloudplatformprojects.readonly","https://www.googleapis.com/auth/firebase","https://www.googleapis.com/auth/cloud-platform"]
[debug] [2020-09-30T21:45:20.552Z] > authorizing via signed-in user
[info] 
     ######## #### ########  ######## ########     ###     ######  ########
     ##        ##  ##     ## ##       ##     ##  ##   ##  ##       ##
     ######    ##  ########  ######   ########  #########  ######  ######
     ##        ##  ##    ##  ##       ##     ## ##     ##       ## ##
     ##       #### ##     ## ######## ########  ##     ##  ######  ########

You're about to initialize a Firebase project in this directory:

  C:\Users\Simona\Desktop\MendittoHairdresser-master\MendittoHairdresser-master

[info] 
=== Project Setup
[info] 
[info] First, let's associate this project directory with a Firebase project.
[info] You can create multiple project aliases by running firebase use --add, 
[info] but for now we'll just set up a default project.
[info] 
[debug] [2020-09-30T21:45:26.098Z] >>> HTTP REQUEST GET https://firebase.googleapis.com/v1beta1/projects?pageSize=100  
 
[debug] [2020-09-30T21:45:26.511Z] <<< HTTP RESPONSE 200 {"content-type":"application/json; charset=UTF-8","vary":"X-Origin, Referer, Origin,Accept-Encoding","date":"Wed, 30 Sep 2020 21:45:26 GMT","server":"ESF","cache-control":"private","x-xss-protection":"0","x-frame-options":"SAMEORIGIN","x-content-type-options":"nosniff","alt-svc":"h3-Q050=\":443\"; ma=2592000,h3-29=\":443\"; ma=2592000,h3-27=\":443\"; ma=2592000,h3-T051=\":443\"; ma=2592000,h3-T050=\":443\"; ma=2592000,h3-Q046=\":443\"; ma=2592000,h3-Q043=\":443\"; ma=2592000,quic=\":443\"; ma=2592000; v=\"46,43\"","accept-ranges":"none","transfer-encoding":"chunked"}
